<?xml version="1.0" encoding="UTF-8"?>
<!-- Generated by org.testng.reporters.JUnitXMLReporter -->
<testsuite ignored="6" hostname="Karthik" failures="0" tests="4" name="Test" time="97.985" errors="0" timestamp="2024-08-30T15:53:58 IST">
  <testcase classname="tc_Repository.LE_04" name="le_04" time="14.518"/>
  <testcase classname="tc_Repository.LE_01" name="le_01Case" time="15.594"/>
  <testcase classname="tc_Repository.LE_02" name="le_02Case" time="16.091"/>
  <testcase classname="tc_Repository.LE_03" name="le_03" time="15.302"/>
  <testcase classname="generic_UtilityOrLib.Base_Class" name="@BeforeSuite createConnection" time="0.0">
    <ignored/>
  </testcase> <!-- @BeforeSuite createConnection -->
  <testcase classname="generic_UtilityOrLib.Base_Class" name="@BeforeSuite createConnection" time="0.0">
    <ignored/>
  </testcase> <!-- @BeforeSuite createConnection -->
  <testcase classname="generic_UtilityOrLib.Base_Class" name="@BeforeSuite createConnection" time="0.0">
    <ignored/>
  </testcase> <!-- @BeforeSuite createConnection -->
  <testcase classname="generic_UtilityOrLib.Base_Class" name="@AfterSuite closeConnection" time="0.0">
    <ignored/>
  </testcase> <!-- @AfterSuite closeConnection -->
  <testcase classname="generic_UtilityOrLib.Base_Class" name="@AfterSuite closeConnection" time="0.0">
    <ignored/>
  </testcase> <!-- @AfterSuite closeConnection -->
  <testcase classname="generic_UtilityOrLib.Base_Class" name="@AfterSuite closeConnection" time="0.0">
    <ignored/>
  </testcase> <!-- @AfterSuite closeConnection -->
</testsuite> <!-- Test -->
